[debug] [2019-11-14T08:25:05.884Z] ----------------------------------------------------------------------
[debug] [2019-11-14T08:25:05.887Z] Command:       C:\Program Files\nodejs\node.exe C:\Users\Robin\AppData\Roaming\npm\node_modules\firebase-tools\lib\bin\firebase.js deploy
[debug] [2019-11-14T08:25:05.887Z] CLI Version:   7.3.0
[debug] [2019-11-14T08:25:05.887Z] Platform:      win32
[debug] [2019-11-14T08:25:05.887Z] Node Version:  v12.13.0
[debug] [2019-11-14T08:25:05.888Z] Time:          Thu Nov 14 2019 16:25:05 GMT+0800 (Singapore Standard Time)
[debug] [2019-11-14T08:25:05.888Z] ----------------------------------------------------------------------
[debug] 
[debug] [2019-11-14T08:25:05.905Z] > command requires scopes: ["email","openid","https://www.googleapis.com/auth/cloudplatformprojects.readonly","https://www.googleapis.com/auth/firebase","https://www.googleapis.com/auth/cloud-platform"]
[debug] [2019-11-14T08:25:05.906Z] > authorizing via signed-in user
[debug] [2019-11-14T08:25:05.906Z] [iam] checking project np-tresor for permissions ["firebase.projects.get","firebasehosting.sites.update"]
[debug] [2019-11-14T08:25:05.908Z] > refreshing access token with scopes: ["email","https://www.googleapis.com/auth/cloud-platform","https://www.googleapis.com/auth/cloudplatformprojects.readonly","https://www.googleapis.com/auth/firebase","openid"]
[debug] [2019-11-14T08:25:05.908Z] >>> HTTP REQUEST POST https://www.googleapis.com/oauth2/v3/token  
 <request body omitted>
[debug] [2019-11-14T08:25:06.011Z] <<< HTTP RESPONSE 200
[debug] [2019-11-14T08:25:06.019Z] >>> HTTP REQUEST POST https://cloudresourcemanager.googleapis.com/v1/projects/np-tresor:testIamPermissions  

[debug] [2019-11-14T08:25:07.148Z] <<< HTTP RESPONSE 200
[debug] [2019-11-14T08:25:07.150Z] >>> HTTP REQUEST GET https://firebase.googleapis.com/v1beta1/projects/np-tresor  
 
[debug] [2019-11-14T08:25:07.461Z] <<< HTTP RESPONSE 200
[info] 
[info] === Deploying to 'np-tresor'...
[info] 
[info] i  deploying hosting
[debug] [2019-11-14T08:25:07.470Z] >>> HTTP REQUEST POST https://firebasehosting.googleapis.com/v1beta1/sites/np-tresor/versions  

